<?xml version="1.0" encoding="UTF-8"?>
<TestRun id="8286a6d4-988b-405c-9e8a-86adfe33ad54" name="Detlev@BREITBILD 2011-11-24 20:53:21" runUser="WINTERTHUR\Detlev" xmlns="http://microsoft.com/schemas/VisualStudio/TeamTest/2010">
  <TestSettings name="Local" id="84bca167-372a-45fc-ab06-7272e21c7f72">
    <Description>These are default test settings for a local test run.</Description>
    <Deployment enabled="false" runDeploymentRoot="Detlev_BREITBILD 2011-11-24 20_53_21">
      <DeploymentItem filename="C:\FachHochSchule\Methoden der Programmierung\3S\50-Projekt-CPU\CPU\MdPCPU\CPUEngine\bin\Debug\ch.zhaw.HenselerGroup.CPU.CPUEngine.dll" />
    </Deployment>
    <Execution>
      <TestTypeSpecific />
      <AgentRule name="Execution Agents">
      </AgentRule>
    </Execution>
  </TestSettings>
  <Times creation="2011-11-24T20:53:21.0731980+01:00" queuing="2011-11-24T20:53:21.1043980+01:00" start="2011-11-24T20:53:21.1667981+01:00" finish="2011-11-24T20:53:21.7283991+01:00" />
  <ResultSummary outcome="Failed">
    <Counters total="2" executed="2" error="0" failed="2" timeout="0" aborted="0" inconclusive="0" passedButRunAborted="0" notRunnable="0" notExecuted="0" disconnected="0" warning="0" passed="0" completed="0" inProgress="0" pending="0" />
  </ResultSummary>
  <TestDefinitions>
    <UnitTest name="SetWordTest" storage="c:\fachhochschule\methoden der programmierung\3s\50-projekt-cpu\cpu\mdpcpu\testcpuengine\bin\debug\testcpuengine.dll" id="8dd233e6-5046-34d6-a5a1-e3d1860499e0">
      <Execution id="cd041093-2231-4c8f-bb02-2b221d78d8ed" />
      <TestMethod codeBase="C:/FachHochSchule/Methoden der Programmierung/3S/50-Projekt-CPU/CPU/MdPCPU/TestCPUEngine/bin/Debug/TestCPUEngine.DLL" adapterTypeName="Microsoft.VisualStudio.TestTools.TestTypes.Unit.UnitTestAdapter, Microsoft.VisualStudio.QualityTools.Tips.UnitTest.Adapter, Version=10.0.0.0, Culture=neutral, PublicKeyToken=b03f5f7f11d50a3a" className="TestCPUEngine.MemoryBasicTest, TestCPUEngine, Version=1.0.0.0, Culture=neutral, PublicKeyToken=null" name="SetWordTest" />
    </UnitTest>
    <UnitTest name="GetWordTest" storage="c:\fachhochschule\methoden der programmierung\3s\50-projekt-cpu\cpu\mdpcpu\testcpuengine\bin\debug\testcpuengine.dll" id="ab341029-9a15-d6ec-577d-f667e3e4a865">
      <Execution id="34b59cde-d896-49ba-a1b4-ba7fb68fd12b" />
      <TestMethod codeBase="C:/FachHochSchule/Methoden der Programmierung/3S/50-Projekt-CPU/CPU/MdPCPU/TestCPUEngine/bin/Debug/TestCPUEngine.DLL" adapterTypeName="Microsoft.VisualStudio.TestTools.TestTypes.Unit.UnitTestAdapter, Microsoft.VisualStudio.QualityTools.Tips.UnitTest.Adapter, Version=10.0.0.0, Culture=neutral, PublicKeyToken=b03f5f7f11d50a3a" className="TestCPUEngine.MemoryBasicTest, TestCPUEngine, Version=1.0.0.0, Culture=neutral, PublicKeyToken=null" name="GetWordTest" />
    </UnitTest>
  </TestDefinitions>
  <TestLists>
    <TestList name="Results Not in a List" id="8c84fa94-04c1-424b-9868-57a2d4851a1d" />
    <TestList name="All Loaded Results" id="19431567-8539-422a-85d7-44ee4e166bda" />
  </TestLists>
  <TestEntries>
    <TestEntry testId="8dd233e6-5046-34d6-a5a1-e3d1860499e0" executionId="cd041093-2231-4c8f-bb02-2b221d78d8ed" testListId="8c84fa94-04c1-424b-9868-57a2d4851a1d" />
    <TestEntry testId="ab341029-9a15-d6ec-577d-f667e3e4a865" executionId="34b59cde-d896-49ba-a1b4-ba7fb68fd12b" testListId="8c84fa94-04c1-424b-9868-57a2d4851a1d" />
  </TestEntries>
  <Results>
    <UnitTestResult executionId="cd041093-2231-4c8f-bb02-2b221d78d8ed" testId="8dd233e6-5046-34d6-a5a1-e3d1860499e0" testName="SetWordTest" computerName="BREITBILD" duration="00:00:00.0270137" startTime="2011-11-24T20:53:21.4163986+01:00" endTime="2011-11-24T20:53:21.6191989+01:00" testType="13cdc9d9-ddb5-4fa4-a97d-d965ccfc6d4b" outcome="Failed" testListId="8c84fa94-04c1-424b-9868-57a2d4851a1d" relativeResultsDirectory="cd041093-2231-4c8f-bb02-2b221d78d8ed">
      <Output>
        <ErrorInfo>
          <Message>Test method TestCPUEngine.MemoryBasicTest.SetWordTest threw exception: 
System.NullReferenceException: Object reference not set to an instance of an object.</Message>
          <StackTrace>    at ch.zhaw.HenselerGroup.CPU.Impl.Memory.MemoryBasic.SetWord(Int32 address, Word word) in C:\FachHochSchule\Methoden der Programmierung\3S\50-Projekt-CPU\CPU\MdPCPU\CPUEngine\Impl\Memory\MemoryBasic.cs:line 40
   at TestCPUEngine.MemoryBasicTest.SetWordTest() in C:\FachHochSchule\Methoden der Programmierung\3S\50-Projekt-CPU\CPU\MdPCPU\TestCPUEngine\MemoryBasicTest.cs:line 77
</StackTrace>
        </ErrorInfo>
      </Output>
    </UnitTestResult>
    <UnitTestResult executionId="34b59cde-d896-49ba-a1b4-ba7fb68fd12b" testId="ab341029-9a15-d6ec-577d-f667e3e4a865" testName="GetWordTest" computerName="BREITBILD" duration="00:00:00.0109416" startTime="2011-11-24T20:53:21.6347990+01:00" endTime="2011-11-24T20:53:21.6659990+01:00" testType="13cdc9d9-ddb5-4fa4-a97d-d965ccfc6d4b" outcome="Failed" testListId="8c84fa94-04c1-424b-9868-57a2d4851a1d" relativeResultsDirectory="34b59cde-d896-49ba-a1b4-ba7fb68fd12b">
      <Output>
        <ErrorInfo>
          <Message>Assert.AreEqual failed. Expected:&lt;ch.zhaw.HenselerGroup.CPU.Interfaces.Word&gt;. Actual:&lt;(null)&gt;. </Message>
          <StackTrace>   at TestCPUEngine.MemoryBasicTest.GetWordTest() in C:\FachHochSchule\Methoden der Programmierung\3S\50-Projekt-CPU\CPU\MdPCPU\TestCPUEngine\MemoryBasicTest.cs:line 95
</StackTrace>
        </ErrorInfo>
      </Output>
    </UnitTestResult>
  </Results>
</TestRun>