<?xml version="1.0" encoding="UTF-8"?>
<TestRun id="2ab81d9e-d6a7-4509-b8a0-a76ec912db39" name="Detlev@BREITBILD 2011-11-24 20:53:27" runUser="WINTERTHUR\Detlev" xmlns="http://microsoft.com/schemas/VisualStudio/TeamTest/2010">
  <TestSettings name="Local" id="84bca167-372a-45fc-ab06-7272e21c7f72">
    <Description>These are default test settings for a local test run.</Description>
    <Deployment enabled="false" runDeploymentRoot="Detlev_BREITBILD 2011-11-24 20_53_27">
      <DeploymentItem filename="C:\FachHochSchule\Methoden der Programmierung\3S\50-Projekt-CPU\CPU\MdPCPU\CPUEngine\bin\Debug\ch.zhaw.HenselerGroup.CPU.CPUEngine.dll" />
    </Deployment>
    <Execution>
      <TestTypeSpecific />
      <AgentRule name="Execution Agents">
      </AgentRule>
    </Execution>
  </TestSettings>
  <Times creation="2011-11-24T20:53:27.4692092+01:00" queuing="2011-11-24T20:53:27.4848092+01:00" start="2011-11-24T20:53:27.5160093+01:00" finish="2011-11-24T20:53:28.0776103+01:00" />
  <ResultSummary outcome="Failed">
    <Counters total="1" executed="1" error="0" failed="1" timeout="0" aborted="0" inconclusive="0" passedButRunAborted="0" notRunnable="0" notExecuted="0" disconnected="0" warning="0" passed="0" completed="0" inProgress="0" pending="0" />
  </ResultSummary>
  <TestDefinitions>
    <UnitTest name="SetWordTest" storage="c:\fachhochschule\methoden der programmierung\3s\50-projekt-cpu\cpu\mdpcpu\testcpuengine\bin\debug\testcpuengine.dll" id="8dd233e6-5046-34d6-a5a1-e3d1860499e0">
      <Execution id="855d116f-df43-420e-9bdc-6f1271bae0fa" />
      <TestMethod codeBase="C:/FachHochSchule/Methoden der Programmierung/3S/50-Projekt-CPU/CPU/MdPCPU/TestCPUEngine/bin/Debug/TestCPUEngine.DLL" adapterTypeName="Microsoft.VisualStudio.TestTools.TestTypes.Unit.UnitTestAdapter, Microsoft.VisualStudio.QualityTools.Tips.UnitTest.Adapter, Version=10.0.0.0, Culture=neutral, PublicKeyToken=b03f5f7f11d50a3a" className="TestCPUEngine.MemoryBasicTest, TestCPUEngine, Version=1.0.0.0, Culture=neutral, PublicKeyToken=null" name="SetWordTest" />
    </UnitTest>
  </TestDefinitions>
  <TestLists>
    <TestList name="Results Not in a List" id="8c84fa94-04c1-424b-9868-57a2d4851a1d" />
    <TestList name="All Loaded Results" id="19431567-8539-422a-85d7-44ee4e166bda" />
  </TestLists>
  <TestEntries>
    <TestEntry testId="8dd233e6-5046-34d6-a5a1-e3d1860499e0" executionId="855d116f-df43-420e-9bdc-6f1271bae0fa" testListId="8c84fa94-04c1-424b-9868-57a2d4851a1d" />
  </TestEntries>
  <Results>
    <UnitTestResult executionId="855d116f-df43-420e-9bdc-6f1271bae0fa" testId="8dd233e6-5046-34d6-a5a1-e3d1860499e0" testName="SetWordTest" computerName="BREITBILD" duration="00:00:00.0275596" startTime="2011-11-24T20:53:27.7812098+01:00" endTime="2011-11-24T20:53:27.9840101+01:00" testType="13cdc9d9-ddb5-4fa4-a97d-d965ccfc6d4b" outcome="Failed" testListId="8c84fa94-04c1-424b-9868-57a2d4851a1d" relativeResultsDirectory="855d116f-df43-420e-9bdc-6f1271bae0fa">
      <Output>
        <ErrorInfo>
          <Message>Test method TestCPUEngine.MemoryBasicTest.SetWordTest threw exception: 
System.NullReferenceException: Object reference not set to an instance of an object.</Message>
          <StackTrace>    at ch.zhaw.HenselerGroup.CPU.Impl.Memory.MemoryBasic.SetWord(Int32 address, Word word) in C:\FachHochSchule\Methoden der Programmierung\3S\50-Projekt-CPU\CPU\MdPCPU\CPUEngine\Impl\Memory\MemoryBasic.cs:line 40
   at TestCPUEngine.MemoryBasicTest.SetWordTest() in C:\FachHochSchule\Methoden der Programmierung\3S\50-Projekt-CPU\CPU\MdPCPU\TestCPUEngine\MemoryBasicTest.cs:line 77
</StackTrace>
        </ErrorInfo>
      </Output>
    </UnitTestResult>
  </Results>
</TestRun>