<?xml version="1.0" encoding="UTF-8"?>
<TestRun id="f5ce95c1-a156-4db0-a19a-c7858040024d" name="Detlev@BREITBILD 2011-11-24 20:52:38" runUser="WINTERTHUR\Detlev" xmlns="http://microsoft.com/schemas/VisualStudio/TeamTest/2010">
  <TestSettings name="Local" id="84bca167-372a-45fc-ab06-7272e21c7f72">
    <Description>These are default test settings for a local test run.</Description>
    <Deployment enabled="false" runDeploymentRoot="Detlev_BREITBILD 2011-11-24 20_52_38">
      <DeploymentItem filename="C:\FachHochSchule\Methoden der Programmierung\3S\50-Projekt-CPU\CPU\MdPCPU\CPUEngine\bin\Debug\ch.zhaw.HenselerGroup.CPU.CPUEngine.dll" />
    </Deployment>
    <Execution>
      <TestTypeSpecific />
      <AgentRule name="Execution Agents">
      </AgentRule>
    </Execution>
  </TestSettings>
  <Times creation="2011-11-24T20:52:38.3095097+01:00" queuing="2011-11-24T20:52:38.3251097+01:00" start="2011-11-24T20:52:38.5123100+01:00" finish="2011-11-24T20:52:38.9335108+01:00" />
  <ResultSummary outcome="Failed">
    <Counters total="1" executed="1" error="0" failed="1" timeout="0" aborted="0" inconclusive="0" passedButRunAborted="0" notRunnable="0" notExecuted="0" disconnected="0" warning="0" passed="0" completed="0" inProgress="0" pending="0" />
  </ResultSummary>
  <TestDefinitions>
    <UnitTest name="GetWordTest" storage="c:\fachhochschule\methoden der programmierung\3s\50-projekt-cpu\cpu\mdpcpu\testcpuengine\bin\debug\testcpuengine.dll" id="ab341029-9a15-d6ec-577d-f667e3e4a865">
      <Execution id="ca4b4840-9fbf-4fd4-ac94-cf9255024a65" />
      <TestMethod codeBase="C:/FachHochSchule/Methoden der Programmierung/3S/50-Projekt-CPU/CPU/MdPCPU/TestCPUEngine/bin/Debug/TestCPUEngine.DLL" adapterTypeName="Microsoft.VisualStudio.TestTools.TestTypes.Unit.UnitTestAdapter, Microsoft.VisualStudio.QualityTools.Tips.UnitTest.Adapter, Version=10.0.0.0, Culture=neutral, PublicKeyToken=b03f5f7f11d50a3a" className="TestCPUEngine.MemoryBasicTest, TestCPUEngine, Version=1.0.0.0, Culture=neutral, PublicKeyToken=null" name="GetWordTest" />
    </UnitTest>
  </TestDefinitions>
  <TestLists>
    <TestList name="Results Not in a List" id="8c84fa94-04c1-424b-9868-57a2d4851a1d" />
    <TestList name="All Loaded Results" id="19431567-8539-422a-85d7-44ee4e166bda" />
  </TestLists>
  <TestEntries>
    <TestEntry testId="ab341029-9a15-d6ec-577d-f667e3e4a865" executionId="ca4b4840-9fbf-4fd4-ac94-cf9255024a65" testListId="8c84fa94-04c1-424b-9868-57a2d4851a1d" />
  </TestEntries>
  <Results>
    <UnitTestResult executionId="ca4b4840-9fbf-4fd4-ac94-cf9255024a65" testId="ab341029-9a15-d6ec-577d-f667e3e4a865" testName="GetWordTest" computerName="BREITBILD" duration="00:00:00.0264246" startTime="2011-11-24T20:52:38.6371102+01:00" endTime="2011-11-24T20:52:38.8399106+01:00" testType="13cdc9d9-ddb5-4fa4-a97d-d965ccfc6d4b" outcome="Failed" testListId="8c84fa94-04c1-424b-9868-57a2d4851a1d" relativeResultsDirectory="ca4b4840-9fbf-4fd4-ac94-cf9255024a65">
      <Output>
        <ErrorInfo>
          <Message>Assert.AreEqual failed. Expected:&lt;ch.zhaw.HenselerGroup.CPU.Interfaces.Word&gt;. Actual:&lt;(null)&gt;. </Message>
          <StackTrace>   at TestCPUEngine.MemoryBasicTest.GetWordTest() in C:\FachHochSchule\Methoden der Programmierung\3S\50-Projekt-CPU\CPU\MdPCPU\TestCPUEngine\MemoryBasicTest.cs:line 95
</StackTrace>
        </ErrorInfo>
      </Output>
    </UnitTestResult>
  </Results>
</TestRun>