<?xml version="1.0" encoding="UTF-8"?>
<TestRun id="1a81af47-6e06-46c1-9902-cfee9e034ef4" name="Detlev@BREITBILD 2011-11-24 20:53:29" runUser="WINTERTHUR\Detlev" xmlns="http://microsoft.com/schemas/VisualStudio/TeamTest/2010">
  <TestSettings name="Local" id="84bca167-372a-45fc-ab06-7272e21c7f72">
    <Description>These are default test settings for a local test run.</Description>
    <Deployment enabled="false" runDeploymentRoot="Detlev_BREITBILD 2011-11-24 20_53_29">
      <DeploymentItem filename="C:\FachHochSchule\Methoden der Programmierung\3S\50-Projekt-CPU\CPU\MdPCPU\CPUEngine\bin\Debug\ch.zhaw.HenselerGroup.CPU.CPUEngine.dll" />
    </Deployment>
    <Execution>
      <TestTypeSpecific />
      <AgentRule name="Execution Agents">
      </AgentRule>
    </Execution>
  </TestSettings>
  <Times creation="2011-11-24T20:53:29.5752129+01:00" queuing="2011-11-24T20:53:29.5752129+01:00" start="2011-11-24T20:53:29.7156132+01:00" finish="2011-11-24T20:53:30.2148140+01:00" />
  <ResultSummary outcome="Failed">
    <Counters total="3" executed="3" error="0" failed="3" timeout="0" aborted="0" inconclusive="0" passedButRunAborted="0" notRunnable="0" notExecuted="0" disconnected="0" warning="0" passed="0" completed="0" inProgress="0" pending="0" />
  </ResultSummary>
  <TestDefinitions>
    <UnitTest name="SetWordTest" storage="c:\fachhochschule\methoden der programmierung\3s\50-projekt-cpu\cpu\mdpcpu\testcpuengine\bin\debug\testcpuengine.dll" id="8dd233e6-5046-34d6-a5a1-e3d1860499e0">
      <Execution id="471570a4-a6a0-424e-88ba-38f72e06829a" />
      <TestMethod codeBase="C:/FachHochSchule/Methoden der Programmierung/3S/50-Projekt-CPU/CPU/MdPCPU/TestCPUEngine/bin/Debug/TestCPUEngine.DLL" adapterTypeName="Microsoft.VisualStudio.TestTools.TestTypes.Unit.UnitTestAdapter, Microsoft.VisualStudio.QualityTools.Tips.UnitTest.Adapter, Version=10.0.0.0, Culture=neutral, PublicKeyToken=b03f5f7f11d50a3a" className="TestCPUEngine.MemoryBasicTest, TestCPUEngine, Version=1.0.0.0, Culture=neutral, PublicKeyToken=null" name="SetWordTest" />
    </UnitTest>
    <UnitTest name="LoadMemoryTest" storage="c:\fachhochschule\methoden der programmierung\3s\50-projekt-cpu\cpu\mdpcpu\testcpuengine\bin\debug\testcpuengine.dll" id="9b7267f3-d6b8-8d61-f50d-2ce89dd30f98">
      <Execution id="0436aff7-6a69-4922-a4f7-17e415aaa0f5" />
      <TestMethod codeBase="C:/FachHochSchule/Methoden der Programmierung/3S/50-Projekt-CPU/CPU/MdPCPU/TestCPUEngine/bin/Debug/TestCPUEngine.DLL" adapterTypeName="Microsoft.VisualStudio.TestTools.TestTypes.Unit.UnitTestAdapter, Microsoft.VisualStudio.QualityTools.Tips.UnitTest.Adapter, Version=10.0.0.0, Culture=neutral, PublicKeyToken=b03f5f7f11d50a3a" className="TestCPUEngine.CPUTest, TestCPUEngine, Version=1.0.0.0, Culture=neutral, PublicKeyToken=null" name="LoadMemoryTest" />
    </UnitTest>
    <UnitTest name="GetWordTest" storage="c:\fachhochschule\methoden der programmierung\3s\50-projekt-cpu\cpu\mdpcpu\testcpuengine\bin\debug\testcpuengine.dll" id="ab341029-9a15-d6ec-577d-f667e3e4a865">
      <Execution id="fe2eced1-c998-4169-921f-ca8059a4f284" />
      <TestMethod codeBase="C:/FachHochSchule/Methoden der Programmierung/3S/50-Projekt-CPU/CPU/MdPCPU/TestCPUEngine/bin/Debug/TestCPUEngine.DLL" adapterTypeName="Microsoft.VisualStudio.TestTools.TestTypes.Unit.UnitTestAdapter, Microsoft.VisualStudio.QualityTools.Tips.UnitTest.Adapter, Version=10.0.0.0, Culture=neutral, PublicKeyToken=b03f5f7f11d50a3a" className="TestCPUEngine.MemoryBasicTest, TestCPUEngine, Version=1.0.0.0, Culture=neutral, PublicKeyToken=null" name="GetWordTest" />
    </UnitTest>
  </TestDefinitions>
  <TestLists>
    <TestList name="Results Not in a List" id="8c84fa94-04c1-424b-9868-57a2d4851a1d" />
    <TestList name="All Loaded Results" id="19431567-8539-422a-85d7-44ee4e166bda" />
  </TestLists>
  <TestEntries>
    <TestEntry testId="8dd233e6-5046-34d6-a5a1-e3d1860499e0" executionId="471570a4-a6a0-424e-88ba-38f72e06829a" testListId="8c84fa94-04c1-424b-9868-57a2d4851a1d" />
    <TestEntry testId="9b7267f3-d6b8-8d61-f50d-2ce89dd30f98" executionId="0436aff7-6a69-4922-a4f7-17e415aaa0f5" testListId="8c84fa94-04c1-424b-9868-57a2d4851a1d" />
    <TestEntry testId="ab341029-9a15-d6ec-577d-f667e3e4a865" executionId="fe2eced1-c998-4169-921f-ca8059a4f284" testListId="8c84fa94-04c1-424b-9868-57a2d4851a1d" />
  </TestEntries>
  <Results>
    <UnitTestResult executionId="471570a4-a6a0-424e-88ba-38f72e06829a" testId="8dd233e6-5046-34d6-a5a1-e3d1860499e0" testName="SetWordTest" computerName="BREITBILD" duration="00:00:00.0285795" startTime="2011-11-24T20:53:29.7468132+01:00" endTime="2011-11-24T20:53:30.0588138+01:00" testType="13cdc9d9-ddb5-4fa4-a97d-d965ccfc6d4b" outcome="Failed" testListId="8c84fa94-04c1-424b-9868-57a2d4851a1d" relativeResultsDirectory="471570a4-a6a0-424e-88ba-38f72e06829a">
      <Output>
        <ErrorInfo>
          <Message>Test method TestCPUEngine.MemoryBasicTest.SetWordTest threw exception: 
System.NullReferenceException: Object reference not set to an instance of an object.</Message>
          <StackTrace>    at ch.zhaw.HenselerGroup.CPU.Impl.Memory.MemoryBasic.SetWord(Int32 address, Word word) in C:\FachHochSchule\Methoden der Programmierung\3S\50-Projekt-CPU\CPU\MdPCPU\CPUEngine\Impl\Memory\MemoryBasic.cs:line 40
   at TestCPUEngine.MemoryBasicTest.SetWordTest() in C:\FachHochSchule\Methoden der Programmierung\3S\50-Projekt-CPU\CPU\MdPCPU\TestCPUEngine\MemoryBasicTest.cs:line 77
</StackTrace>
        </ErrorInfo>
      </Output>
    </UnitTestResult>
    <UnitTestResult executionId="0436aff7-6a69-4922-a4f7-17e415aaa0f5" testId="9b7267f3-d6b8-8d61-f50d-2ce89dd30f98" testName="LoadMemoryTest" computerName="BREITBILD" duration="00:00:00.0032643" startTime="2011-11-24T20:53:30.0588138+01:00" endTime="2011-11-24T20:53:30.0900138+01:00" testType="13cdc9d9-ddb5-4fa4-a97d-d965ccfc6d4b" outcome="Failed" testListId="8c84fa94-04c1-424b-9868-57a2d4851a1d" relativeResultsDirectory="0436aff7-6a69-4922-a4f7-17e415aaa0f5">
      <Output>
        <ErrorInfo>
          <Message>Test method TestCPUEngine.CPUTest.LoadMemoryTest threw exception: 
System.NotImplementedException: The method or operation is not implemented.</Message>
          <StackTrace>    at ch.zhaw.HenselerGroup.CPU.Impl.Commands.ADD.Parse(String opcode) in C:\FachHochSchule\Methoden der Programmierung\3S\50-Projekt-CPU\CPU\MdPCPU\CPUEngine\Impl\Commands\ADD.cs:line 29
   at ch.zhaw.HenselerGroup.CPU.CPU.LoadMemory(String[] codelines, Int32 startAddress) in C:\FachHochSchule\Methoden der Programmierung\3S\50-Projekt-CPU\CPU\MdPCPU\CPUEngine\CPU.cs:line 47
   at TestCPUEngine.CPUTest.LoadMemoryTest() in C:\FachHochSchule\Methoden der Programmierung\3S\50-Projekt-CPU\CPU\MdPCPU\TestCPUEngine\CPUTest.cs:line 86
</StackTrace>
        </ErrorInfo>
      </Output>
    </UnitTestResult>
    <UnitTestResult executionId="fe2eced1-c998-4169-921f-ca8059a4f284" testId="ab341029-9a15-d6ec-577d-f667e3e4a865" testName="GetWordTest" computerName="BREITBILD" duration="00:00:00.0148531" startTime="2011-11-24T20:53:30.1056138+01:00" endTime="2011-11-24T20:53:30.1368139+01:00" testType="13cdc9d9-ddb5-4fa4-a97d-d965ccfc6d4b" outcome="Failed" testListId="8c84fa94-04c1-424b-9868-57a2d4851a1d" relativeResultsDirectory="fe2eced1-c998-4169-921f-ca8059a4f284">
      <Output>
        <ErrorInfo>
          <Message>Assert.AreEqual failed. Expected:&lt;ch.zhaw.HenselerGroup.CPU.Interfaces.Word&gt;. Actual:&lt;(null)&gt;. </Message>
          <StackTrace>   at TestCPUEngine.MemoryBasicTest.GetWordTest() in C:\FachHochSchule\Methoden der Programmierung\3S\50-Projekt-CPU\CPU\MdPCPU\TestCPUEngine\MemoryBasicTest.cs:line 95
</StackTrace>
        </ErrorInfo>
      </Output>
    </UnitTestResult>
  </Results>
</TestRun>